
ROM used: 73 (1%)
          73 (1%) including unused fragments

          0 Average locations per line
          10 Average locations per statement

RAM used: 6 (2%) at main() level
          6 (2%) worst case

Stack used: 0 worst case (out of 8 total available)

Lines Stmts  %   Files
----- ----- ---  -----
   18     7 100  tempp.c
   18     0   0  tempp.h
  298     0   0  ..\..\..\..\..\Program Files (x86)\PICC\devices\16F877.h
----- -----
  334     7 Total

Page ROM  %  RAM   Vol Diff  Functions:
---- --- --- ---   --- ----  ----------
0     69  95   0   165  2.2  main

Program metrics:
    Functions               1
    Statements              7
    Comments                69
    Volume (V)              165
    Difficilty (D)          2.2
    Effort to implement (E) 369
    Time to implement (T)   0 minutes
    Est Delivered Bugs (B)  0
    Cyclomatic Complexity   1
    Maintainability (MI)    128

 Segment     Used  Free
-----------  ----  ----
00000-00003     4  0  
00004-007FF    69  1975  
00800-00FFF     0  2048  
01000-017FF     0  2048  
01800-01FFF     0  2048  



